"C:\Program Files\JetBrains\CLion 2020.3\bin\cmake\win\bin\cmake.exe" -DCMAKE_BUILD_TYPE=Debug -G "CodeBlocks - MinGW Makefiles" "D:\Francisco´s stuff\CLionProjects\ProjetoLI2\Teste_2018\Recurso_2019\19"
-- The C compiler identification is GNU 9.2.0
-- Check for working C compiler: C:/MinGW/bin/gcc.exe
-- Check for working C compiler: C:/MinGW/bin/gcc.exe - broken
CMake Error at C:/Program Files/JetBrains/CLion 2020.3/bin/cmake/win/share/cmake-3.17/Modules/CMakeTestCCompiler.cmake:60 (message):
  The C compiler

    "C:/MinGW/bin/gcc.exe"

  is not able to compile a simple test program.

  It fails with the following output:

    Change Dir: D:/FranciscoÂ´s stuff/CLionProjects/ProjetoLI2/Teste_2018/Recurso_2019/19/cmake-build-debug/CMakeFiles/CMakeTmp
    
    Run Build Command(s):C:/MinGW/bin/mingw32-make.exe cmTC_d60a4/fast && C:/MinGW/bin/mingw32-make.exe  -f CMakeFiles\cmTC_d60a4.dir\build.make CMakeFiles/cmTC_d60a4.dir/build
    mingw32-make.exe[1]: Entering directory 'D:/Franciscoâ”¤s stuff/CLionProjects/ProjetoLI2/Teste_2018/Recurso_2019/19/cmake-build-debug/CMakeFiles/CMakeTmp'
    Building C object CMakeFiles/cmTC_d60a4.dir/testCCompiler.c.obj
    C:\MinGW\bin\gcc.exe    -o CMakeFiles\cmTC_d60a4.dir\testCCompiler.c.obj   -c "D:\Franciscoâ”¬â”¤s stuff\CLionProjects\ProjetoLI2\Teste_2018\Recurso_2019\19\cmake-build-debug\CMakeFiles\CMakeTmp\testCCompiler.c"
    gcc.exe: error: D:\Francisco-Âªs stuff\CLionProjects\ProjetoLI2\Teste_2018\Recurso_2019\19\cmake-build-debug\CMakeFiles\CMakeTmp\testCCompiler.c: No such file or directory
    gcc.exe: fatal error: no input files
    compilation terminated.
    CMakeFiles\cmTC_d60a4.dir\build.make:84: recipe for target 'CMakeFiles/cmTC_d60a4.dir/testCCompiler.c.obj' failed
    mingw32-make.exe[1]: *** [CMakeFiles/cmTC_d60a4.dir/testCCompiler.c.obj] Error 1
    mingw32-make.exe[1]: Leaving directory 'D:/Franciscoâ”¤s stuff/CLionProjects/ProjetoLI2/Teste_2018/Recurso_2019/19/cmake-build-debug/CMakeFiles/CMakeTmp'
    Makefile:140: recipe for target 'cmTC_d60a4/fast' failed
    mingw32-make.exe: *** [cmTC_d60a4/fast] Error 2
    
    

  

  CMake will not be able to correctly generate this project.
Call Stack (most recent call first):
  CMakeLists.txt:2 (project)


-- Configuring incomplete, errors occurred!
See also "D:/FranciscoÂ´s stuff/CLionProjects/ProjetoLI2/Teste_2018/Recurso_2019/19/cmake-build-debug/CMakeFiles/CMakeOutput.log".
See also "D:/FranciscoÂ´s stuff/CLionProjects/ProjetoLI2/Teste_2018/Recurso_2019/19/cmake-build-debug/CMakeFiles/CMakeError.log".
